Fetching transactions from 2024-08-01T08:42:42.581Z
Fetched 62 transactions from Akahu
Invalid Akahu transaction: {
  "_id": "trans_clzkjlgy3057308le0pocan9n",
  "_account": "acc_clpa9apd9000008l90nfacrlf",
  "_user": "user_ckvn0q2fo000r09jx0d49bp30",
  "_connection": "conn_cjydl5bgu000001o4f33za1tj",
  "created_at": "2024-08-08T00:31:08.283Z",
  "updated_at": "2024-08-08T00:31:08.309Z",
  "date": "2024-08-07T12:34:48.690Z",
  "description": "Sent money to テンカソフト ゴウドウガイシャ",
  "amount": -8333.33,
  "balance": 51.61,
  "type": "DEBIT",
  "hash": "acc_clpa9apd9000008l90nfacrlf-143a7833ab4416c454f4ec14a207aff5",
  "meta": {
    "conversion": {
      "fee": 112.4,
      "rate": 88.6445,
      "amount": 8220.93,
      "currency": "NZD"
    }
  }
}
Invalid Akahu transaction: {
  "_id": "trans_clzkt8zhh09pv08js7i48h4y6",
  "_account": "acc_clpa3333g000608l9amihcom7",
  "_user": "user_ckvn0q2fo000r09jx0d49bp30",
  "_connection": "conn_cjgaac5at000001qi2yw8ftil",
  "created_at": "2024-08-08T05:01:22.372Z",
  "updated_at": "2024-08-08T05:01:22.413Z",
  "date": "2024-08-07T12:00:00.000Z",
  "description": "DC Batch 2320615",
  "amount": -12407.05,
  "balance": 58225.56,
  "type": "DEBIT",
  "hash": "acc_clpa3333g000608l9amihcom7-347d559ed67e7b37ccaa5f4b412adeea",
  "meta": {
    "particulars": "Batch Upload",
    "code": "#2320615"
  }
}
Invalid Akahu transaction: {
  "_id": "trans_clzkt8zhh09pu08js6vit8vut",
  "_account": "acc_clpa3333g000608l9amihcom7",
  "_user": "user_ckvn0q2fo000r09jx0d49bp30",
  "_connection": "conn_cjgaac5at000001qi2yw8ftil",
  "created_at": "2024-08-08T05:01:22.372Z",
  "updated_at": "2024-08-08T05:01:22.413Z",
  "date": "2024-08-07T12:00:00.000Z",
  "description": "PAY INLAND REVENUE",
  "amount": -12016.07,
  "balance": 70632.61,
  "type": "PAYMENT",
  "hash": "acc_clpa3333g000608l9amihcom7-d23fbbc1f69d5c542d5c92b4aefa0373",
  "meta": {
    "particulars": "GST",
    "logo": "https://static.akahu.io/outlets/merchant_cji7ywuld0000nyms4egmm1tl_logo.png"
  },
  "merchant": {
    "_id": "merchant_cji7ywuld0000nyms4egmm1tl",
    "name": "Inland Revenue Department",
    "website": "https://www.ird.govt.nz"
  },
  "category": {
    "_id": "nzfcc_ckouvvzbj005z08mle3z667go",
    "name": "Tax payments",
    "groups": {
      "personal_finance": {
        "_id": "group_clasr0ysw0012hk4mgru5dgy7",
        "name": "Professional Services"
      }
    }
  }
}
Invalid Akahu transaction: {
  "_id": "trans_clzkt8zhh09pt08jscvjd7akq",
  "_account": "acc_clpa3333g000608l9amihcom7",
  "_user": "user_ckvn0q2fo000r09jx0d49bp30",
  "_connection": "conn_cjgaac5at000001qi2yw8ftil",
  "created_at": "2024-08-08T05:01:22.372Z",
  "updated_at": "2024-08-08T05:01:22.413Z",
  "date": "2024-08-07T12:00:00.000Z",
  "description": "DC Batch 2320549",
  "amount": -2230.56,
  "balance": 82648.68,
  "type": "DEBIT",
  "hash": "acc_clpa3333g000608l9amihcom7-eb2345e674d6699b5fabedc3ecfcc25e",
  "meta": {
    "particulars": "Batch Upload",
    "code": "#2320549"
  }
}
Invalid Akahu transaction: {
  "_id": "trans_clzkt8zhh09ps08js6exk9ftt",
  "_account": "acc_clpa3333g000608l9amihcom7",
  "_user": "user_ckvn0q2fo000r09jx0d49bp30",
  "_connection": "conn_cjgaac5at000001qi2yw8ftil",
  "created_at": "2024-08-08T05:01:22.372Z",
  "updated_at": "2024-08-08T05:01:22.413Z",
  "date": "2024-08-07T12:00:00.000Z",
  "description": "PAY INLAND REVENUE",
  "amount": -9093.36,
  "balance": 84879.24,
  "type": "PAYMENT",
  "hash": "acc_clpa3333g000608l9amihcom7-a5160e8f463edea651e6357434b9593e",
  "meta": {
    "particulars": "emp ded",
    "logo": "https://static.akahu.io/outlets/merchant_cji7ywuld0000nyms4egmm1tl_logo.png"
  },
  "merchant": {
    "_id": "merchant_cji7ywuld0000nyms4egmm1tl",
    "name": "Inland Revenue Department",
    "website": "https://www.ird.govt.nz"
  },
  "category": {
    "_id": "nzfcc_ckouvvzbj005z08mle3z667go",
    "name": "Tax payments",
    "groups": {
      "personal_finance": {
        "_id": "group_clasr0ysw0012hk4mgru5dgy7",
        "name": "Professional Services"
      }
    }
  }
}
Invalid Akahu transaction: {
  "_id": "trans_clzkt8zhh09pr08jseu3055bu",
  "_account": "acc_clpa3333g000608l9amihcom7",
  "_user": "user_ckvn0q2fo000r09jx0d49bp30",
  "_connection": "conn_cjgaac5at000001qi2yw8ftil",
  "created_at": "2024-08-08T05:01:22.372Z",
  "updated_at": "2024-08-08T05:01:22.413Z",
  "date": "2024-08-07T12:00:00.000Z",
  "description": "Direct Credit NUMANGA RICH HT NUMANGA RICHARDS",
  "amount": 106,
  "balance": 93972.6,
  "type": "CREDIT",
  "hash": "acc_clpa3333g000608l9amihcom7-f78e29267458d3598434d4653664dfb6",
  "meta": {
    "particulars": "NUMANGA RICH"
  }
}
Invalid Akahu transaction: {
  "_id": "trans_clzkt8zhh09pq08js1uwv408h",
  "_account": "acc_clpa3333g000608l9amihcom7",
  "_user": "user_ckvn0q2fo000r09jx0d49bp30",
  "_connection": "conn_cjgaac5at000001qi2yw8ftil",
  "created_at": "2024-08-08T05:01:22.372Z",
  "updated_at": "2024-08-08T05:01:22.413Z",
  "date": "2024-08-07T12:00:00.000Z",
  "description": "Automatic Payment Smith Teagan BOWDLER T",
  "amount": 110,
  "balance": 93866.6,
  "type": "CREDIT",
  "hash": "acc_clpa3333g000608l9amihcom7-e80f005fd4089aa89adb841fc1d14434",
  "meta": {
    "reference": "Smith Teagan"
  }
}
Invalid Akahu transaction: {
  "_id": "trans_clzkt8zhh09pp08js7l6f4r20",
  "_account": "acc_clpa3333g000608l9amihcom7",
  "_user": "user_ckvn0q2fo000r09jx0d49bp30",
  "_connection": "conn_cjgaac5at000001qi2yw8ftil",
  "created_at": "2024-08-08T05:01:22.372Z",
  "updated_at": "2024-08-08T05:01:22.413Z",
  "date": "2024-08-07T12:00:00.000Z",
  "description": "Automatic Payment masseysmiles MH RIMENE",
  "amount": 60,
  "balance": 93756.6,
  "type": "CREDIT",
  "hash": "acc_clpa3333g000608l9amihcom7-a9312c997a4070e41233b7771da42ed7",
  "meta": {
    "particulars": "masseysmiles"
  }
}
Invalid Akahu transaction: {
  "_id": "trans_clzktsgsg07sy08l5gi2e7tbn",
  "_account": "acc_clp77ceh3000108l4602rhlih",
  "_user": "user_ckvn0q2fo000r09jx0d49bp30",
  "_connection": "conn_cjgaaozdo000001mrnqmkl1m0",
  "created_at": "2024-08-08T05:16:30.475Z",
  "updated_at": "2024-08-08T05:16:30.493Z",
  "date": "2024-08-07T07:44:00.000Z",
  "description": "2160Esme Lakeland WBC Internet Bill Payment",
  "amount": -17.5,
  "balance": 206006.99,
  "type": "PAYMENT",
  "hash": "acc_clp77ceh3000108l4602rhlih-39b8b601bcf96120640edced85e08313",
  "meta": {
    "particulars": "wbc internet",
    "code": "bill payment",
    "reference": "19:44-49408",
    "other_account": "38-9025-0896887-00"
  }
}
Invalid Akahu transaction: {
  "_id": "trans_clzktsgsg07sz08l50vwz0zj0",
  "_account": "acc_clp77ceh3000108l4602rhlih",
  "_user": "user_ckvn0q2fo000r09jx0d49bp30",
  "_connection": "conn_cjgaaozdo000001mrnqmkl1m0",
  "created_at": "2024-08-08T05:16:30.475Z",
  "updated_at": "2024-08-08T05:16:30.493Z",
  "date": "2024-08-06T12:00:00.000Z",
  "description": "Westpac Credit Card 3070517341 Payment",
  "amount": -30.6,
  "balance": 205976.39,
  "type": "DEBIT",
  "hash": "acc_clp77ceh3000108l4602rhlih-855475d29ff1b0b22d07d184bb4a831e",
  "meta": {
    "particulars": "credit card",
    "code": "3070517341",
    "reference": "payment"
  }
}
Invalid Akahu transaction: {
  "_id": "trans_clzkt8zhh09po08js1j184bgs",
  "_account": "acc_clpa3333g000608l9amihcom7",
  "_user": "user_ckvn0q2fo000r09jx0d49bp30",
  "_connection": "conn_cjgaac5at000001qi2yw8ftil",
  "created_at": "2024-08-08T05:01:22.372Z",
  "updated_at": "2024-08-08T05:01:22.413Z",
  "date": "2024-08-06T12:00:00.000Z",
  "description": "EFTPOS ALL CARDS PAYMARK 104806690 MASSEY SMILES",
  "amount": 503.24,
  "balance": 93696.6,
  "type": "CREDIT",
  "hash": "acc_clpa3333g000608l9amihcom7-be8b1be2284cb3bfba7af8644b526591",
  "meta": {
    "particulars": "PAYMARK",
    "code": "104806690",
    "reference": "ALL CARDS"
  }
}
Invalid Akahu transaction: {
  "_id": "trans_clzkt8zhh09pn08js33s6fm98",
  "_account": "acc_clpa3333g000608l9amihcom7",
  "_user": "user_ckvn0q2fo000r09jx0d49bp30",
  "_connection": "conn_cjgaac5at000001qi2yw8ftil",
  "created_at": "2024-08-08T05:01:22.372Z",
  "updated_at": "2024-08-08T05:01:22.413Z",
  "date": "2024-08-06T12:00:00.000Z",
  "description": "Direct Credit PO 97482 MASSEY SMILEQCARD CONSUMER FINANCE",
  "amount": 584.1,
  "balance": 93193.36,
  "type": "CREDIT",
  "hash": "acc_clpa3333g000608l9amihcom7-fb5e15135d904059d77737e2c73f4843",
  "meta": {
    "particulars": "MASSEY SMILE",
    "code": "QCARD",
    "reference": "PO 97482"
  }
}
Invalid Akahu transaction: {
  "_id": "trans_clzkt8z2x09ki08jsaf2neurw",
  "_account": "acc_clxjrgka3000008l7erbga08d",
  "_user": "user_ckvn0q2fo000r09jx0d49bp30",
  "_connection": "conn_cjgaac5at000001qi2yw8ftil",
  "created_at": "2024-08-08T05:01:22.372Z",
  "updated_at": "2024-08-08T05:01:22.413Z",
  "date": "2024-08-06T12:00:00.000Z",
  "description": "TEMU.COM AUCKLAND,",
  "amount": -12.47,
  "balance": 62.27,
  "type": "DEBIT",
  "hash": "acc_clxjrgka3000008l7erbga08d-bc65414a249c37d9cc150cf31894a700",
  "meta": {
    "card_suffix": "6430",
    "logo": "https://static.akahu.io/images/merchant_clgqz0e86000008l7dy1iemt8_logo.jpeg"
  },
  "merchant": {
    "_id": "merchant_clgqz0e86000008l7dy1iemt8",
    "name": "Temu",
    "website": "https://www.temu.com/nz"
  },
  "category": {
    "_id": "nzfcc_ckouvvybd001f08ml8w4y3yor",
    "name": "General retail stores",
    "groups": {
      "personal_finance": {
        "_id": "group_clasr0ysw000uhk4m20nvc6m1",
        "name": "Household"
      }
    }
  }
}
Invalid Akahu transaction: {
  "_id": "trans_clzkt8z2x09kh08jsefpkdd5v",
  "_account": "acc_clxjrgka3000008l7erbga08d",
  "_user": "user_ckvn0q2fo000r09jx0d49bp30",
  "_connection": "conn_cjgaac5at000001qi2yw8ftil",
  "created_at": "2024-08-08T05:01:22.372Z",
  "updated_at": "2024-08-08T05:01:22.413Z",
  "date": "2024-08-06T12:00:00.000Z",
  "description": "Direct Credit Lakeland C & A",
  "amount": 17.5,
  "balance": 74.74,
  "type": "CREDIT",
  "hash": "acc_clxjrgka3000008l7erbga08d-baf39646e77f98bc3823d83e9fb4bb2d",
  "meta": {}
}
Invalid Akahu transaction: {
  "_id": "trans_clzjdt5dl06le08k23gpc4dpt",
  "_account": "acc_clpa3333g000608l9amihcom7",
  "_user": "user_ckvn0q2fo000r09jx0d49bp30",
  "_connection": "conn_cjgaac5at000001qi2yw8ftil",
  "created_at": "2024-08-07T05:01:23.134Z",
  "updated_at": "2024-08-08T05:01:22.413Z",
  "date": "2024-08-06T12:00:00.000Z",
  "description": "Direct Credit Dean Clark Massey SmileInv 4803 MR D A CLARK AND",
  "amount": 295,
  "balance": 92609.26,
  "type": "CREDIT",
  "hash": "acc_clpa3333g000608l9amihcom7-2654945bd1fc7b0efb382d736fa1f50c",
  "meta": {
    "particulars": "Massey Smile",
    "code": "Inv 4803",
    "reference": "Dean Clark"
  }
}
Invalid Akahu transaction: {
  "_id": "trans_clzjdt5dl06ld08k2fhia4xxb",
  "_account": "acc_clpa3333g000608l9amihcom7",
  "_user": "user_ckvn0q2fo000r09jx0d49bp30",
  "_connection": "conn_cjgaac5at000001qi2yw8ftil",
  "created_at": "2024-08-07T05:01:23.134Z",
  "updated_at": "2024-08-08T05:01:22.413Z",
  "date": "2024-08-06T12:00:00.000Z",
  "description": "Bill Payment Maisie Maisie COOMBES M V",
  "amount": 100,
  "balance": 92314.26,
  "type": "PAYMENT",
  "hash": "acc_clpa3333g000608l9amihcom7-a902bfbcb2b9becef8328990a6cdf47a",
  "meta": {
    "particulars": "Maisie",
    "reference": "Maisie"
  }
}
Invalid Akahu transaction: {
  "_id": "trans_clzjdt5dl06lc08k2aslr9sux",
  "_account": "acc_clpa3333g000608l9amihcom7",
  "_user": "user_ckvn0q2fo000r09jx0d49bp30",
  "_connection": "conn_cjgaac5at000001qi2yw8ftil",
  "created_at": "2024-08-07T05:01:23.134Z",
  "updated_at": "2024-08-08T05:01:22.413Z",
  "date": "2024-08-06T12:00:00.000Z",
  "description": "Automatic Payment Poliko S SHARLENE",
  "amount": 53.75,
  "balance": 92214.26,
  "type": "CREDIT",
  "hash": "acc_clpa3333g000608l9amihcom7-03f04269645574c7d0ac9251f2e9a2d6",
  "meta": {
    "reference": "Poliko S"
  }
}
Invalid Akahu transaction: {
  "_id": "trans_clzjdt5dl06lb08k20rku6paw",
  "_account": "acc_clpa3333g000608l9amihcom7",
  "_user": "user_ckvn0q2fo000r09jx0d49bp30",
  "_connection": "conn_cjgaac5at000001qi2yw8ftil",
  "created_at": "2024-08-07T05:01:23.134Z",
  "updated_at": "2024-08-08T05:01:22.413Z",
  "date": "2024-08-06T12:00:00.000Z",
  "description": "Automatic Payment M Revill MP REVILL",
  "amount": 30,
  "balance": 92160.51,
  "type": "CREDIT",
  "hash": "acc_clpa3333g000608l9amihcom7-d7b81eb6b36bef2d78c842af5f0fdede",
  "meta": {
    "particulars": "M Revill"
  }
}
Invalid Akahu transaction: {
  "_id": "trans_clzjdt5dl06la08k20at7fofu",
  "_account": "acc_clpa3333g000608l9amihcom7",
  "_user": "user_ckvn0q2fo000r09jx0d49bp30",
  "_connection": "conn_cjgaac5at000001qi2yw8ftil",
  "created_at": "2024-08-07T05:01:23.134Z",
  "updated_at": "2024-08-08T05:01:22.413Z",
  "date": "2024-08-06T12:00:00.000Z",
  "description": "Automatic Payment LEONARDNAUERLEONARDNAUERLEONARDNAUER L NAUER",
  "amount": 35,
  "balance": 92130.51,
  "type": "CREDIT",
  "hash": "acc_clpa3333g000608l9amihcom7-9a0e052a32f22164c9d1071271eb8730",
  "meta": {
    "particulars": "LEONARDNAUER",
    "code": "LEONARDNAUER",
    "reference": "LEONARDNAUER"
  }
}
Invalid Akahu transaction: {
  "_id": "trans_clzjdt5dl06l908k24wtdd3h9",
  "_account": "acc_clpa3333g000608l9amihcom7",
  "_user": "user_ckvn0q2fo000r09jx0d49bp30",
  "_connection": "conn_cjgaac5at000001qi2yw8ftil",
  "created_at": "2024-08-07T05:01:23.134Z",
  "updated_at": "2024-08-08T05:01:22.413Z",
  "date": "2024-08-06T12:00:00.000Z",
  "description": "Automatic Payment Sara-Beth Hasselberg HASSELBERG SB",
  "amount": 50,
  "balance": 92095.51,
  "type": "CREDIT",
  "hash": "acc_clpa3333g000608l9amihcom7-bacac0d41bda7f5556891bc2d4e39dec",
  "meta": {
    "particulars": "Hasselberg",
    "reference": "Sara-Beth"
  }
}
Invalid Akahu transaction: {
  "_id": "trans_clzjdt5dl06l808k2agc91p07",
  "_account": "acc_clpa3333g000608l9amihcom7",
  "_user": "user_ckvn0q2fo000r09jx0d49bp30",
  "_connection": "conn_cjgaac5at000001qi2yw8ftil",
  "created_at": "2024-08-07T05:01:23.134Z",
  "updated_at": "2024-08-08T05:01:22.413Z",
  "date": "2024-08-06T12:00:00.000Z",
  "description": "Bill Payment Talepita 4thFrancis crown TALEPITA SIMO",
  "amount": 155,
  "balance": 92045.51,
  "type": "PAYMENT",
  "hash": "acc_clpa3333g000608l9amihcom7-942212e47e618cbeb1fa273f2d1df094",
  "meta": {
    "particulars": "Francis",
    "code": "crown",
    "reference": "Talepita 4th"
  }
}
Invalid Akahu transaction: {
  "_id": "trans_clzjdt4zn06ga08k28mq8eykh",
  "_account": "acc_clxjrgka3000008l7erbga08d",
  "_user": "user_ckvn0q2fo000r09jx0d49bp30",
  "_connection": "conn_cjgaac5at000001qi2yw8ftil",
  "created_at": "2024-08-07T05:01:23.134Z",
  "updated_at": "2024-08-08T05:01:22.413Z",
  "date": "2024-08-06T12:00:00.000Z",
  "description": "TEMU.COM AUCKLAND,",
  "amount": -66.8,
  "balance": 57.24,
  "type": "DEBIT",
  "hash": "acc_clxjrgka3000008l7erbga08d-28d8c64242a7289039e852d1309fd237",
  "meta": {
    "card_suffix": "6430",
    "logo": "https://static.akahu.io/images/merchant_clgqz0e86000008l7dy1iemt8_logo.jpeg"
  },
  "merchant": {
    "_id": "merchant_clgqz0e86000008l7dy1iemt8",
    "name": "Temu",
    "website": "https://www.temu.com/nz"
  },
  "category": {
    "_id": "nzfcc_ckouvvybd001f08ml8w4y3yor",
    "name": "General retail stores",
    "groups": {
      "personal_finance": {
        "_id": "group_clasr0ysw000uhk4m20nvc6m1",
        "name": "Household"
      }
    }
  }
}
Invalid Akahu transaction: {
  "_id": "trans_clzkerp8405w608l8cpj7fc8m",
  "_account": "acc_clpa38583000008le8flp8l60",
  "_user": "user_ckvn0q2fo000r09jx0d49bp30",
  "_connection": "conn_cjgaatd57000001pe1t1z0iy9",
  "created_at": "2024-08-07T22:16:00.243Z",
  "updated_at": "2024-08-07T22:16:00.251Z",
  "date": "2024-08-05T16:48:02.006Z",
  "description": "Netflix.com Los Gatos",
  "amount": -20.99,
  "balance": -3897.28,
  "type": "PAYMENT",
  "hash": "acc_clpa38583000008le8flp8l60-f03cb8ef1420fd3e3b67f88e09f2a007",
  "meta": {
    "particulars": "Los Gatos",
    "code": "NZD2099",
    "logo": "https://static.akahu.io/outlets/merchant_cji7ykevs0002jnms0l7yynra_logo.png"
  },
  "merchant": {
    "_id": "merchant_cji7ykevs0002jnms0l7yynra",
    "name": "Netflix",
    "website": "https://www.netflix.com"
  },
  "category": {
    "_id": "nzfcc_ckouvvzhn006t08mlg81xhlbx",
    "name": "Media and entertainment streaming services",
    "groups": {
      "personal_finance": {
        "_id": "group_clasr0ysw0011hk4m6hlk9fq0",
        "name": "Lifestyle"
      }
    }
  }
}
Invalid Akahu transaction: {
  "_id": "trans_clzjecp7c09yt09ky57ukg9tf",
  "_account": "acc_clp77cei7000308l4ed6be3i9",
  "_user": "user_ckvn0q2fo000r09jx0d49bp30",
  "_connection": "conn_cjgaaozdo000001mrnqmkl1m0",
  "created_at": "2024-08-07T05:16:34.063Z",
  "updated_at": "2024-08-07T05:16:34.074Z",
  "date": "2024-08-05T12:00:00.000Z",
  "description": "WOOLWORTHS NZ 9211 BLOCKHOUSE BA NZL 990608",
  "amount": -127.3,
  "type": "CREDIT CARD",
  "hash": "acc_clp77cei7000308l4ed6be3i9-1f608145c741628e64588cfa6a95d300",
  "meta": {
    "reference": "990608",
    "card_suffix": "4825",
    "logo": "https://static.akahu.io/outlets/merchant_cjtt1msoq000a59oj3tpw7vla_logo.png"
  },
  "merchant": {
    "_id": "merchant_cjtt1msoq000a59oj3tpw7vla",
    "name": "Woolworths",
    "website": "http://www.woolworthsnz.co.nz/"
  },
  "category": {
    "_id": "nzfcc_ckouvvy84001608ml5p6z4d8j",
    "name": "Supermarkets and grocery stores",
    "groups": {
      "personal_finance": {
        "_id": "group_clasr0ysw000xhk4mf7mg2j1z",
        "name": "Food"
      }
    }
  }
}
Invalid Akahu transaction: {
  "_id": "trans_clzjecp7c09yr09kyfj12aiux",
  "_account": "acc_clp77cei7000308l4ed6be3i9",
  "_user": "user_ckvn0q2fo000r09jx0d49bp30",
  "_connection": "conn_cjgaaozdo000001mrnqmkl1m0",
  "created_at": "2024-08-07T05:16:34.063Z",
  "updated_at": "2024-08-07T05:16:34.074Z",
  "date": "2024-08-05T12:00:00.000Z",
  "description": "DIRECT DEBIT PAYMENT",
  "amount": 30.6,
  "type": "CREDIT CARD",
  "hash": "acc_clp77cei7000308l4ed6be3i9-d78eda0291ce052afec8e41255087f7b",
  "meta": {
    "card_suffix": "7341"
  }
}
Invalid Akahu transaction: {
  "_id": "trans_clzjdt5dl06l708k20fkg5h5s",
  "_account": "acc_clpa3333g000608l9amihcom7",
  "_user": "user_ckvn0q2fo000r09jx0d49bp30",
  "_connection": "conn_cjgaac5at000001qi2yw8ftil",
  "created_at": "2024-08-07T05:01:23.134Z",
  "updated_at": "2024-08-07T05:01:23.161Z",
  "date": "2024-08-05T12:00:00.000Z",
  "description": "Direct Debit -STRIPE NEW ZEALAND LIMITED",
  "amount": -104.59,
  "balance": 91890.51,
  "type": "DIRECT DEBIT",
  "hash": "acc_clpa3333g000608l9amihcom7-02e5dc246c12b5bd23576f38cf59abe9",
  "meta": {
    "code": "TRF 9YLHK3NX",
    "reference": "Xero NZ INV-",
    "other_account": "02-0536-0186536-01"
  }
}
Invalid Akahu transaction: {
  "_id": "trans_clzjdt5dl06l608k274v4hs4u",
  "_account": "acc_clpa3333g000608l9amihcom7",
  "_user": "user_ckvn0q2fo000r09jx0d49bp30",
  "_connection": "conn_cjgaac5at000001qi2yw8ftil",
  "created_at": "2024-08-07T05:01:23.134Z",
  "updated_at": "2024-08-07T05:01:23.161Z",
  "date": "2024-08-05T12:00:00.000Z",
  "description": "EFTPOS ALL CARDS PAYMARK 104806690 MASSEY SMILES",
  "amount": 2036.64,
  "balance": 91995.1,
  "type": "CREDIT",
  "hash": "acc_clpa3333g000608l9amihcom7-9adc2dad1fe99f86db42882a6d67c012",
  "meta": {
    "particulars": "PAYMARK",
    "code": "104806690",
    "reference": "ALL CARDS"
  }
}
Invalid Akahu transaction: {
  "_id": "trans_clzjdt5dl06l508k25t2qbxmm",
  "_account": "acc_clpa3333g000608l9amihcom7",
  "_user": "user_ckvn0q2fo000r09jx0d49bp30",
  "_connection": "conn_cjgaac5at000001qi2yw8ftil",
  "created_at": "2024-08-07T05:01:23.134Z",
  "updated_at": "2024-08-07T05:01:23.161Z",
  "date": "2024-08-05T12:00:00.000Z",
  "description": "Direct Credit 000010696083SouthernCros SOUTHERN CROSS",
  "amount": 390.5,
  "balance": 89958.46,
  "type": "CREDIT",
  "hash": "acc_clpa3333g000608l9amihcom7-0480ff3169d92b0b7fb6299ede80fbbd",
  "meta": {
    "particulars": "SouthernCros",
    "reference": "000010696083"
  }
}
Invalid Akahu transaction: {
  "_id": "trans_clzjdt5dl06l408k28cjb58om",
  "_account": "acc_clpa3333g000608l9amihcom7",
  "_user": "user_ckvn0q2fo000r09jx0d49bp30",
  "_connection": "conn_cjgaac5at000001qi2yw8ftil",
  "created_at": "2024-08-07T05:01:23.134Z",
  "updated_at": "2024-08-07T05:01:23.161Z",
  "date": "2024-08-05T12:00:00.000Z",
  "description": "Automatic Payment LAUREN M L BOTHA",
  "amount": 155.5,
  "balance": 89567.96,
  "type": "CREDIT",
  "hash": "acc_clpa3333g000608l9amihcom7-29e35f7b5a5e0cb018e09fcbdd6a5425",
  "meta": {
    "particulars": "LAUREN M"
  }
}
Invalid Akahu transaction: {
  "_id": "trans_clzhydb8704x209mcfn1x9q1s",
  "_account": "acc_clpa3333g000608l9amihcom7",
  "_user": "user_ckvn0q2fo000r09jx0d49bp30",
  "_connection": "conn_cjgaac5at000001qi2yw8ftil",
  "created_at": "2024-08-06T05:01:23.452Z",
  "updated_at": "2024-08-08T05:01:22.413Z",
  "date": "2024-08-05T12:00:00.000Z",
  "description": "Automatic Payment Nordhaus A SO MOORE",
  "amount": 60,
  "balance": 89412.46,
  "type": "CREDIT",
  "hash": "acc_clpa3333g000608l9amihcom7-2ccf78b68260bc73599461d1eb6f90de",
  "meta": {
    "particulars": "Nordhaus A"
  }
}
Invalid Akahu transaction: {
  "_id": "trans_clzhydb8704x109mc09h42l55",
  "_account": "acc_clpa3333g000608l9amihcom7",
  "_user": "user_ckvn0q2fo000r09jx0d49bp30",
  "_connection": "conn_cjgaac5at000001qi2yw8ftil",
  "created_at": "2024-08-06T05:01:23.452Z",
  "updated_at": "2024-08-08T05:01:22.413Z",
  "date": "2024-08-05T12:00:00.000Z",
  "description": "DC Batch 2317850",
  "amount": -3848.34,
  "balance": 89352.46,
  "type": "DEBIT",
  "hash": "acc_clpa3333g000608l9amihcom7-43b87820c2b85b5d77be805ad0ad085d",
  "meta": {
    "particulars": "Batch Upload",
    "code": "#2317850"
  }
}
Invalid Akahu transaction: {
  "_id": "trans_clzktsgxc07uk08l5f36g6hff",
  "_account": "acc_clp77cei7000308l4ed6be3i9",
  "_user": "user_ckvn0q2fo000r09jx0d49bp30",
  "_connection": "conn_cjgaaozdo000001mrnqmkl1m0",
  "created_at": "2024-08-08T05:16:30.475Z",
  "updated_at": "2024-08-08T05:16:30.493Z",
  "date": "2024-08-04T12:00:00.000Z",
  "description": "WINEFRIEND AUCKLAND NZL 990708",
  "amount": -225,
  "type": "CREDIT CARD",
  "hash": "acc_clp77cei7000308l4ed6be3i9-5a6489217c9be3463ab7cb5ac4932208",
  "meta": {
    "reference": "990708",
    "card_suffix": "4825",
    "logo": "https://static.akahu.io/outlets/merchant_cjzw3647h0014ifzy5apm9jcp_logo.png"
  },
  "merchant": {
    "_id": "merchant_cjzw3647h0014ifzy5apm9jcp",
    "name": "WineFriend"
  },
  "category": {
    "_id": "nzfcc_ckouvvyac001c08mlbyp5doni",
    "name": "Liquor stores",
    "groups": {
      "personal_finance": {
        "_id": "group_clasr0ysw0011hk4m6hlk9fq0",
        "name": "Lifestyle"
      }
    }
  }
}
Invalid Akahu transaction: {
  "_id": "trans_clzjecp7c09ys09ky64xw0txi",
  "_account": "acc_clp77cei7000308l4ed6be3i9",
  "_user": "user_ckvn0q2fo000r09jx0d49bp30",
  "_connection": "conn_cjgaaozdo000001mrnqmkl1m0",
  "created_at": "2024-08-07T05:16:34.063Z",
  "updated_at": "2024-08-07T05:16:34.074Z",
  "date": "2024-08-04T12:00:00.000Z",
  "description": "FRESHCHOICE TITIRANGI AUCKLAND NZL 990608",
  "amount": -43.22,
  "type": "CREDIT CARD",
  "hash": "acc_clp77cei7000308l4ed6be3i9-d3cb1be1d7b942993b4358d07ebe8e48",
  "meta": {
    "reference": "990608",
    "card_suffix": "4858",
    "logo": "https://static.akahu.io/outlets/merchant_cjipiuvdk000lbpzytryqtjkv_logo.png"
  },
  "merchant": {
    "_id": "merchant_cjipiuvdk000lbpzytryqtjkv",
    "name": "Fresh Choice",
    "website": "https://www.freshchoice.co.nz"
  },
  "category": {
    "_id": "nzfcc_ckouvvy84001608ml5p6z4d8j",
    "name": "Supermarkets and grocery stores",
    "groups": {
      "personal_finance": {
        "_id": "group_clasr0ysw000xhk4mf7mg2j1z",
        "name": "Food"
      }
    }
  }
}
Invalid Akahu transaction: {
  "_id": "trans_clzhydb8704x009mc26p1gc7w",
  "_account": "acc_clpa3333g000608l9amihcom7",
  "_user": "user_ckvn0q2fo000r09jx0d49bp30",
  "_connection": "conn_cjgaac5at000001qi2yw8ftil",
  "created_at": "2024-08-06T05:01:23.452Z",
  "updated_at": "2024-08-06T05:01:23.461Z",
  "date": "2024-08-04T12:00:00.000Z",
  "description": "EFTPOS ALL CARDS PAYMARK 104806690 MASSEY SMILES",
  "amount": 4753.5,
  "balance": 93200.8,
  "type": "CREDIT",
  "hash": "acc_clpa3333g000608l9amihcom7-8d1d7dbb453df7a31d8f5565d16a131f",
  "meta": {
    "particulars": "PAYMARK",
    "code": "104806690",
    "reference": "ALL CARDS"
  }
}
Invalid Akahu transaction: {
  "_id": "trans_clzgixep000b908mh6myn8li5",
  "_account": "acc_clpa3333g000608l9amihcom7",
  "_user": "user_ckvn0q2fo000r09jx0d49bp30",
  "_connection": "conn_cjgaac5at000001qi2yw8ftil",
  "created_at": "2024-08-05T05:01:19.977Z",
  "updated_at": "2024-08-06T05:01:23.461Z",
  "date": "2024-08-04T12:00:00.000Z",
  "description": "Direct Credit 1544055969 ACC Claims G0D136 ACC MFP Payment Acco",
  "amount": 859.99,
  "balance": 88447.3,
  "type": "CREDIT",
  "hash": "acc_clpa3333g000608l9amihcom7-fb09adb54b97a948475d68413bb536c7",
  "meta": {
    "particulars": "ACC Claims",
    "code": "G0D136",
    "reference": "1544055969"
  }
}
Invalid Akahu transaction: {
  "_id": "trans_clzhjvwyf1t9j08meb5dkfu3q",
  "_account": "acc_clpa38583000008le8flp8l60",
  "_user": "user_ckvn0q2fo000r09jx0d49bp30",
  "_connection": "conn_cjgaatd57000001pe1t1z0iy9",
  "created_at": "2024-08-05T22:15:57.607Z",
  "updated_at": "2024-08-05T22:15:57.618Z",
  "date": "2024-08-04T00:47:09.011Z",
  "description": "JB HI-FI - LYNMALL AUCKLAND",
  "amount": -229,
  "balance": -3876.29,
  "type": "PAYMENT",
  "hash": "acc_clpa38583000008le8flp8l60-163d1ab52e8b40b7d88c79201ae7a564",
  "meta": {
    "particulars": "AUCKLAND",
    "code": "NZD22900",
    "logo": "https://static.akahu.io/outlets/merchant_cjkhf3y700010jwojts9cptu1_logo.png"
  },
  "merchant": {
    "_id": "merchant_cjkhf3y700010jwojts9cptu1",
    "name": "JB Hi-Fi",
    "website": "https://www.jbhifi.co.nz"
  },
  "category": {
    "_id": "nzfcc_ckouvvyge002108mlfe0l2thb",
    "name": "Electronic and appliance stores",
    "groups": {
      "personal_finance": {
        "_id": "group_clasr0ysw000uhk4m20nvc6m1",
        "name": "Household"
      }
    }
  }
}
Invalid Akahu transaction: {
  "_id": "trans_clzhydfzi0aut08la5v5c9bve",
  "_account": "acc_clp77cei7000308l4ed6be3i9",
  "_user": "user_ckvn0q2fo000r09jx0d49bp30",
  "_connection": "conn_cjgaaozdo000001mrnqmkl1m0",
  "created_at": "2024-08-06T05:01:28.105Z",
  "updated_at": "2024-08-06T05:01:28.135Z",
  "date": "2024-08-03T12:00:00.000Z",
  "description": "SP SEW IT CHRISTCHURCH CAN 990508",
  "amount": -489.88,
  "type": "CREDIT CARD",
  "hash": "acc_clp77cei7000308l4ed6be3i9-eae629ee1491cd95db32744cea0655e4",
  "meta": {
    "reference": "990508",
    "card_suffix": "4858",
    "logo": "https://static.akahu.io/avatars/S.png"
  },
  "merchant": {
    "_id": "merchant_ckpxb1w71000p08l3hyzlhx5b",
    "name": "Sew It"
  },
  "category": {
    "_id": "nzfcc_ckouvvygg002308ml8p0z179o",
    "name": "Fabric, sewing, knitting, and related supplies",
    "groups": {
      "personal_finance": {
        "_id": "group_clasr0ysw0010hk4mf2dca4y8",
        "name": "Appearance"
      }
    }
  }
}
Invalid Akahu transaction: {
  "_id": "trans_clzhydfzi0aus08lafp9ad52x",
  "_account": "acc_clp77cei7000308l4ed6be3i9",
  "_user": "user_ckvn0q2fo000r09jx0d49bp30",
  "_connection": "conn_cjgaaozdo000001mrnqmkl1m0",
  "created_at": "2024-08-06T05:01:28.105Z",
  "updated_at": "2024-08-06T05:01:28.135Z",
  "date": "2024-08-03T12:00:00.000Z",
  "description": "AUSSIE BUTCHER NEW LYN WAITAKERE NZL 990508",
  "amount": -39.97,
  "type": "CREDIT CARD",
  "hash": "acc_clp77cei7000308l4ed6be3i9-d4c35b7ca3cecba30aad7e445dbcf9d5",
  "meta": {
    "reference": "990508",
    "card_suffix": "4825",
    "logo": "https://static.akahu.io/outlets/merchant_cjtzapose0006ofzy8yd15uq3_logo.png"
  },
  "merchant": {
    "_id": "merchant_cjtzapose0006ofzy8yd15uq3",
    "name": "The Original Aussie Butcher"
  },
  "category": {
    "_id": "nzfcc_ckouvvy8m001708ml68px9wcf",
    "name": "Meat supplies",
    "groups": {
      "personal_finance": {
        "_id": "group_clasr0ysw000xhk4mf7mg2j1z",
        "name": "Food"
      }
    }
  }
}
Invalid Akahu transaction: {
  "_id": "trans_clzhydfzi0aur08la4p0nably",
  "_account": "acc_clp77cei7000308l4ed6be3i9",
  "_user": "user_ckvn0q2fo000r09jx0d49bp30",
  "_connection": "conn_cjgaaozdo000001mrnqmkl1m0",
  "created_at": "2024-08-06T05:01:28.105Z",
  "updated_at": "2024-08-06T05:01:28.135Z",
  "date": "2024-08-02T12:00:00.000Z",
  "description": "FRUIT WORLD NEW LYNN AUCKLAND NZL 990508",
  "amount": -84.47,
  "type": "CREDIT CARD",
  "hash": "acc_clp77cei7000308l4ed6be3i9-849cc703a2146b44b48a1d2f1940208a",
  "meta": {
    "reference": "990508",
    "card_suffix": "4858",
    "logo": "https://static.akahu.io/outlets/merchant_cjmi70q9v000wqhqshwy8nk2n_logo.png"
  },
  "merchant": {
    "_id": "merchant_cjmi70q9v000wqhqshwy8nk2n",
    "name": "Fruit World",
    "website": "https://fruitworld.co.nz"
  },
  "category": {
    "_id": "nzfcc_ckouvvy84001608ml5p6z4d8j",
    "name": "Supermarkets and grocery stores",
    "groups": {
      "personal_finance": {
        "_id": "group_clasr0ysw000xhk4mf7mg2j1z",
        "name": "Food"
      }
    }
  }
}
Invalid Akahu transaction: {
  "_id": "trans_clzhydfzi0auq08la5xb5eob9",
  "_account": "acc_clp77cei7000308l4ed6be3i9",
  "_user": "user_ckvn0q2fo000r09jx0d49bp30",
  "_connection": "conn_cjgaaozdo000001mrnqmkl1m0",
  "created_at": "2024-08-06T05:01:28.105Z",
  "updated_at": "2024-08-06T05:01:28.135Z",
  "date": "2024-08-02T12:00:00.000Z",
  "description": "CRAFTY BAKER AUCKLAND NZL 990508",
  "amount": -10.91,
  "type": "CREDIT CARD",
  "hash": "acc_clp77cei7000308l4ed6be3i9-685fd8015766e063f71294f1f02b3cce",
  "meta": {
    "reference": "990508",
    "card_suffix": "4825",
    "logo": "https://static.akahu.io/avatars/C.png"
  },
  "merchant": {
    "_id": "merchant_ckum23bqh000008jma66s3cmc",
    "name": "Crafty Baker"
  },
  "category": {
    "_id": "nzfcc_ckouvvy98001a08ml3l180boh",
    "name": "Bakeries",
    "groups": {
      "personal_finance": {
        "_id": "group_clasr0ysw000xhk4mf7mg2j1z",
        "name": "Food"
      }
    }
  }
}
Invalid Akahu transaction: {
  "_id": "trans_clzhydfzi0aup08la45wuai9g",
  "_account": "acc_clp77cei7000308l4ed6be3i9",
  "_user": "user_ckvn0q2fo000r09jx0d49bp30",
  "_connection": "conn_cjgaaozdo000001mrnqmkl1m0",
  "created_at": "2024-08-06T05:01:28.105Z",
  "updated_at": "2024-08-06T05:01:28.135Z",
  "date": "2024-08-02T12:00:00.000Z",
  "description": "NEW WORLD NEW LYNN AUCKLAND NZL 990508",
  "amount": -153.05,
  "type": "CREDIT CARD",
  "hash": "acc_clp77cei7000308l4ed6be3i9-3af9596a0ecf4d0f2fe7bc9266fe03d8",
  "meta": {
    "reference": "990508",
    "card_suffix": "4858",
    "logo": "https://static.akahu.io/outlets/merchant_cjfvxogep000001tl3uhkjztq_logo.png"
  },
  "merchant": {
    "_id": "merchant_cjfvxogep000001tl3uhkjztq",
    "name": "New World",
    "website": "https://www.newworld.co.nz"
  },
  "category": {
    "_id": "nzfcc_ckouvvy84001608ml5p6z4d8j",
    "name": "Supermarkets and grocery stores",
    "groups": {
      "personal_finance": {
        "_id": "group_clasr0ysw000xhk4mf7mg2j1z",
        "name": "Food"
      }
    }
  }
}
Invalid Akahu transaction: {
  "_id": "trans_clzgixiey00ya08jxf9rffwcb",
  "_account": "acc_clp77cei7000308l4ed6be3i9",
  "_user": "user_ckvn0q2fo000r09jx0d49bp30",
  "_connection": "conn_cjgaaozdo000001mrnqmkl1m0",
  "created_at": "2024-08-05T05:01:25.703Z",
  "updated_at": "2024-08-05T05:01:25.742Z",
  "date": "2024-08-02T12:00:00.000Z",
  "description": "Cake Concepts Rosedale NZL 990408",
  "amount": -26,
  "type": "CREDIT CARD",
  "hash": "acc_clp77cei7000308l4ed6be3i9-3748f60156159f351cbf6ea52328bb08",
  "meta": {
    "reference": "990408",
    "card_suffix": "4825"
  }
}
Invalid Akahu transaction: {
  "_id": "trans_clzgixiey00y908jxasmka0bm",
  "_account": "acc_clp77cei7000308l4ed6be3i9",
  "_user": "user_ckvn0q2fo000r09jx0d49bp30",
  "_connection": "conn_cjgaaozdo000001mrnqmkl1m0",
  "created_at": "2024-08-05T05:01:25.703Z",
  "updated_at": "2024-08-05T05:01:25.742Z",
  "date": "2024-08-02T12:00:00.000Z",
  "description": "AT Hop Auckland Henderson NZL 990408",
  "amount": -10,
  "type": "CREDIT CARD",
  "hash": "acc_clp77cei7000308l4ed6be3i9-a5e9d7168098c411b890271b88ffc8d3",
  "meta": {
    "reference": "990408",
    "card_suffix": "4858",
    "logo": "https://static.akahu.io/outlets/merchant_cji7ysnwi0005jnmsg4t5g7xe_logo.png"
  },
  "merchant": {
    "_id": "merchant_cji7ysnwi0005jnmsg4t5g7xe",
    "name": "Auckland Transport",
    "website": "https://at.govt.nz"
  },
  "category": {
    "_id": "nzfcc_clahcegjo000008l250of62eq",
    "name": "Bus and shuttle transport services",
    "groups": {
      "personal_finance": {
        "_id": "group_clasr0ysw000whk4m577xhmf3",
        "name": "Transport"
      }
    }
  }
}
Invalid Akahu transaction: {
  "_id": "trans_clzgixiey00y808jx2gsk5v8r",
  "_account": "acc_clp77cei7000308l4ed6be3i9",
  "_user": "user_ckvn0q2fo000r09jx0d49bp30",
  "_connection": "conn_cjgaaozdo000001mrnqmkl1m0",
  "created_at": "2024-08-05T05:01:25.703Z",
  "updated_at": "2024-08-05T05:01:25.742Z",
  "date": "2024-08-02T12:00:00.000Z",
  "description": "AUSSIE BUTCHER NEW LYN WAITAKERE NZL 990408",
  "amount": -108.87,
  "type": "CREDIT CARD",
  "hash": "acc_clp77cei7000308l4ed6be3i9-2d29c605c480d82a85fa6ec0957098a8",
  "meta": {
    "reference": "990408",
    "card_suffix": "4858",
    "logo": "https://static.akahu.io/outlets/merchant_cjtzapose0006ofzy8yd15uq3_logo.png"
  },
  "merchant": {
    "_id": "merchant_cjtzapose0006ofzy8yd15uq3",
    "name": "The Original Aussie Butcher"
  },
  "category": {
    "_id": "nzfcc_ckouvvy8m001708ml68px9wcf",
    "name": "Meat supplies",
    "groups": {
      "personal_finance": {
        "_id": "group_clasr0ysw000xhk4mf7mg2j1z",
        "name": "Food"
      }
    }
  }
}
Invalid Akahu transaction: {
  "_id": "trans_clzf40ht6007208l8bz88ehwn",
  "_account": "acc_clpa3333g000608l9amihcom7",
  "_user": "user_ckvn0q2fo000r09jx0d49bp30",
  "_connection": "conn_cjgaac5at000001qi2yw8ftil",
  "created_at": "2024-08-04T05:16:04.319Z",
  "updated_at": "2024-08-04T05:16:04.320Z",
  "date": "2024-08-02T12:00:00.000Z",
  "description": "EFTPOS ALL CARDS PAYMARK 104806690 MASSEY SMILES",
  "amount": 3303,
  "balance": 87587.31,
  "type": "CREDIT",
  "hash": "acc_clpa3333g000608l9amihcom7-db799a088a4e5cc72ad13721cb5b0ccb",
  "meta": {
    "particulars": "PAYMARK",
    "code": "104806690",
    "reference": "ALL CARDS"
  }
}
Invalid Akahu transaction: {
  "_id": "trans_clzf40ht6007108l86bbc9ljr",
  "_account": "acc_clpa3333g000608l9amihcom7",
  "_user": "user_ckvn0q2fo000r09jx0d49bp30",
  "_connection": "conn_cjgaac5at000001qi2yw8ftil",
  "created_at": "2024-08-04T05:16:04.319Z",
  "updated_at": "2024-08-04T05:16:04.320Z",
  "date": "2024-08-02T12:00:00.000Z",
  "description": "Direct Credit 000010691748SouthernCros SOUTHERN CROSS",
  "amount": 515,
  "balance": 84284.31,
  "type": "CREDIT",
  "hash": "acc_clpa3333g000608l9amihcom7-3b0a610e8d17935eecc656ddb595325f",
  "meta": {
    "particulars": "SouthernCros",
    "reference": "000010691748"
  }
}
Invalid Akahu transaction: {
  "_id": "trans_clzdokqgs002v08mgavdg1owy",
  "_account": "acc_clpa30k8c000008l97fkx4g41",
  "_user": "user_ckvn0q2fo000r09jx0d49bp30",
  "_connection": "conn_cjgaac5at000001qi2yw8ftil",
  "created_at": "2024-08-03T05:16:09.392Z",
  "updated_at": "2024-08-03T05:16:09.415Z",
  "date": "2024-08-02T12:00:00.000Z",
  "description": "PAY German winter market",
  "amount": -21,
  "balance": 80186.36,
  "type": "PAYMENT",
  "hash": "acc_clpa30k8c000008l97fkx4g41-bba4969773e9549982aebfcb01782a84",
  "meta": {
    "other_account": "02-0261-0169365-00"
  }
}
Invalid Akahu transaction: {
  "_id": "trans_clzhjvwyf1t9i08me3byy9861",
  "_account": "acc_clpa38583000008le8flp8l60",
  "_user": "user_ckvn0q2fo000r09jx0d49bp30",
  "_connection": "conn_cjgaatd57000001pe1t1z0iy9",
  "created_at": "2024-08-05T22:15:57.607Z",
  "updated_at": "2024-08-05T22:15:57.618Z",
  "date": "2024-08-02T07:50:01.011Z",
  "description": "MUSASHI JAPANESE AUCKLAND",
  "amount": -243.9,
  "balance": -3647.29,
  "type": "PAYMENT",
  "hash": "acc_clpa38583000008le8flp8l60-2d610f55bfbea66f59fe9c339693bef4",
  "meta": {
    "particulars": "AUCKLAND",
    "code": "NZD24390",
    "logo": "https://static.akahu.io/outlets/merchant_ck44iw4w500as8foj1ahf2yt2_logo.png"
  },
  "merchant": {
    "_id": "merchant_ck44iw4w500as8foj1ahf2yt2",
    "name": "Musashi Japanese Cuisine"
  },
  "category": {
    "_id": "nzfcc_ckouvvyw1004408mlhy158i7j",
    "name": "Cafes and restaurants",
    "groups": {
      "personal_finance": {
        "_id": "group_clasr0ysw0011hk4m6hlk9fq0",
        "name": "Lifestyle"
      }
    }
  }
}
Invalid Akahu transaction: {
  "_id": "trans_clzhjvwyf1t9h08me9net1ws6",
  "_account": "acc_clpa38583000008le8flp8l60",
  "_user": "user_ckvn0q2fo000r09jx0d49bp30",
  "_connection": "conn_cjgaatd57000001pe1t1z0iy9",
  "created_at": "2024-08-05T22:15:57.607Z",
  "updated_at": "2024-08-05T22:15:57.618Z",
  "date": "2024-08-02T02:10:02.011Z",
  "description": "Tesla Inc Wellington Ce",
  "amount": -20.4,
  "balance": -3403.39,
  "type": "PAYMENT",
  "hash": "acc_clpa38583000008le8flp8l60-300b7bd54e60f177cda11350b7632de8",
  "meta": {
    "particulars": "Wellington Ce",
    "code": "NZD2040",
    "logo": "https://static.akahu.io/outlets/merchant_cjz8tympd007bo8oj5r5nbakv_logo.png"
  },
  "merchant": {
    "_id": "merchant_cjz8tympd007bo8oj5r5nbakv",
    "name": "Tesla"
  },
  "category": {
    "_id": "nzfcc_ckouvvyrj003f08mldndoev9v",
    "name": "Car, truck, and motorcycle dealers",
    "groups": {
      "personal_finance": {
        "_id": "group_clasr0ysw000whk4m577xhmf3",
        "name": "Transport"
      }
    }
  }
}
Invalid Akahu transaction: {
  "_id": "trans_clzhjvwyf1t9g08mebq3gbsn6",
  "_account": "acc_clpa38583000008le8flp8l60",
  "_user": "user_ckvn0q2fo000r09jx0d49bp30",
  "_connection": "conn_cjgaatd57000001pe1t1z0iy9",
  "created_at": "2024-08-05T22:15:57.607Z",
  "updated_at": "2024-08-05T22:15:57.618Z",
  "date": "2024-08-02T02:00:46.011Z",
  "description": "RUAKURA BERRY SHOP HAMILTON",
  "amount": -8.23,
  "balance": -3382.99,
  "type": "PAYMENT",
  "hash": "acc_clpa38583000008le8flp8l60-03f18b704593ed324aa076f38a6db44e",
  "meta": {
    "particulars": "HAMILTON",
    "code": "NZD823",
    "logo": "https://static.akahu.io/outlets/merchant_ck34w7k7r0000xrzya2f0hs1i_logo.png"
  },
  "merchant": {
    "_id": "merchant_ck34w7k7r0000xrzya2f0hs1i",
    "name": "Ruakura Berry Shop",
    "website": "http://www.ruakuraberry.co.nz/"
  },
  "category": {
    "_id": "nzfcc_ckouvvy84001608ml5p6z4d8j",
    "name": "Supermarkets and grocery stores",
    "groups": {
      "personal_finance": {
        "_id": "group_clasr0ysw000xhk4mf7mg2j1z",
        "name": "Food"
      }
    }
  }
}
Invalid Akahu transaction: {
  "_id": "trans_clzhjvwyf1t9f08med18ogp9t",
  "_account": "acc_clpa38583000008le8flp8l60",
  "_user": "user_ckvn0q2fo000r09jx0d49bp30",
  "_connection": "conn_cjgaatd57000001pe1t1z0iy9",
  "created_at": "2024-08-05T22:15:57.607Z",
  "updated_at": "2024-08-05T22:15:57.618Z",
  "date": "2024-08-01T13:49:22.011Z",
  "description": "AMAZON WEB SERVICES AUCKLAND",
  "amount": -5.49,
  "balance": -3374.76,
  "type": "PAYMENT",
  "hash": "acc_clpa38583000008le8flp8l60-f3f405a2554dbb07a3501350cb7f7e9e",
  "meta": {
    "particulars": "AUCKLAND",
    "code": "NZD549",
    "logo": "https://static.akahu.io/outlets/merchant_cjgbn2g3c000001o207yn4ua2_logo.png"
  },
  "merchant": {
    "_id": "merchant_cjgbn2g3c000001o207yn4ua2",
    "name": "Amazon Web Services",
    "website": "http://www.aws.amazon.com"
  },
  "category": {
    "_id": "nzfcc_ckpymsz13000009l2alfj3mw4",
    "name": "Business software and cloud services",
    "groups": {
      "personal_finance": {
        "_id": "group_clasr0ysw0012hk4mgru5dgy7",
        "name": "Professional Services"
      }
    }
  }
}
Invalid Akahu transaction: {
  "_id": "trans_clzf411o400x408l8gtrp4e79",
  "_account": "acc_clp77cei7000308l4ed6be3i9",
  "_user": "user_ckvn0q2fo000r09jx0d49bp30",
  "_connection": "conn_cjgaaozdo000001mrnqmkl1m0",
  "created_at": "2024-08-04T05:16:30.474Z",
  "updated_at": "2024-08-04T05:16:30.484Z",
  "date": "2024-08-01T12:00:00.000Z",
  "description": "Four Square National P National Park NZL 990308",
  "amount": -3.69,
  "type": "CREDIT CARD",
  "hash": "acc_clp77cei7000308l4ed6be3i9-01df32e49ba1292aef281f87fa9a6408",
  "meta": {
    "reference": "990308",
    "card_suffix": "4825",
    "logo": "https://static.akahu.io/outlets/merchant_cjfw5emls0000ekojx5dx32op_logo.png"
  },
  "merchant": {
    "_id": "merchant_cjfw5emls0000ekojx5dx32op",
    "name": "Four Square",
    "website": "https://www.foursquare.co.nz"
  },
  "category": {
    "_id": "nzfcc_ckouvvy84001608ml5p6z4d8j",
    "name": "Supermarkets and grocery stores",
    "groups": {
      "personal_finance": {
        "_id": "group_clasr0ysw000xhk4mf7mg2j1z",
        "name": "Food"
      }
    }
  }
}
Invalid Akahu transaction: {
  "_id": "trans_clzf411o400x308l803wi778c",
  "_account": "acc_clp77cei7000308l4ed6be3i9",
  "_user": "user_ckvn0q2fo000r09jx0d49bp30",
  "_connection": "conn_cjgaaozdo000001mrnqmkl1m0",
  "created_at": "2024-08-04T05:16:30.474Z",
  "updated_at": "2024-08-04T05:16:30.484Z",
  "date": "2024-08-01T12:00:00.000Z",
  "description": "Don Buck Bakery Massey NZL 990308",
  "amount": -3.08,
  "type": "CREDIT CARD",
  "hash": "acc_clp77cei7000308l4ed6be3i9-5dd1713adac1f07410eab4e83ac2347d",
  "meta": {
    "reference": "990308",
    "card_suffix": "4858",
    "logo": "https://static.akahu.io/avatars/D.png"
  },
  "merchant": {
    "_id": "merchant_cks3xsj91002108mc7p0g2az9",
    "name": "Don Buck Bakery & Cafe"
  },
  "category": {
    "_id": "nzfcc_ckouvvy98001a08ml3l180boh",
    "name": "Bakeries",
    "groups": {
      "personal_finance": {
        "_id": "group_clasr0ysw000xhk4mf7mg2j1z",
        "name": "Food"
      }
    }
  }
}
Invalid Akahu transaction: {
  "_id": "trans_clzf411o400x208l874kpfgnu",
  "_account": "acc_clp77cei7000308l4ed6be3i9",
  "_user": "user_ckvn0q2fo000r09jx0d49bp30",
  "_connection": "conn_cjgaaozdo000001mrnqmkl1m0",
  "created_at": "2024-08-04T05:16:30.474Z",
  "updated_at": "2024-08-04T05:16:30.484Z",
  "date": "2024-08-01T12:00:00.000Z",
  "description": "FRESHCHOICE TITIRANGI AUCKLAND NZL 990308",
  "amount": -17,
  "type": "CREDIT CARD",
  "hash": "acc_clp77cei7000308l4ed6be3i9-25d64c5dd7179c0990f7e5ff9d66f75a",
  "meta": {
    "reference": "990308",
    "card_suffix": "4825",
    "logo": "https://static.akahu.io/outlets/merchant_cjipiuvdk000lbpzytryqtjkv_logo.png"
  },
  "merchant": {
    "_id": "merchant_cjipiuvdk000lbpzytryqtjkv",
    "name": "Fresh Choice",
    "website": "https://www.freshchoice.co.nz"
  },
  "category": {
    "_id": "nzfcc_ckouvvy84001608ml5p6z4d8j",
    "name": "Supermarkets and grocery stores",
    "groups": {
      "personal_finance": {
        "_id": "group_clasr0ysw000xhk4mf7mg2j1z",
        "name": "Food"
      }
    }
  }
}
Invalid Akahu transaction: {
  "_id": "trans_clzdolfgm07fu08ll44b8byzs",
  "_account": "acc_clp77cegm000008l46y6g9r0s",
  "_user": "user_ckvn0q2fo000r09jx0d49bp30",
  "_connection": "conn_cjgaaozdo000001mrnqmkl1m0",
  "created_at": "2024-08-03T05:16:41.056Z",
  "updated_at": "2024-08-03T05:16:41.076Z",
  "date": "2024-08-01T12:00:00.000Z",
  "description": "Loan repayment 1399 0487328-04",
  "amount": 5380,
  "balance": -332551.45,
  "type": "LOAN",
  "hash": "acc_clp77cegm000008l46y6g9r0s-69dd5ea0d6bd7fed701a6669035b98c2",
  "meta": {
    "particulars": "1399",
    "code": "0487328-04"
  }
}
Invalid Akahu transaction: {
  "_id": "trans_clzdolffz07fl08ll5lwh26cw",
  "_account": "acc_clp77ceh3000108l4602rhlih",
  "_user": "user_ckvn0q2fo000r09jx0d49bp30",
  "_connection": "conn_cjgaaozdo000001mrnqmkl1m0",
  "created_at": "2024-08-03T05:16:41.056Z",
  "updated_at": "2024-08-03T05:16:41.076Z",
  "date": "2024-08-01T12:00:00.000Z",
  "description": "E C Lakeland",
  "amount": 5.5,
  "balance": 206024.49,
  "type": "PAYMENT",
  "hash": "acc_clp77ceh3000108l4602rhlih-37d0631a812b7bb36cc2a2378974f262",
  "meta": {
    "other_account": "38-9025-0896887-00"
  }
}
Invalid Akahu transaction: {
  "_id": "trans_clzdokr4r007o08mgcnbd2okn",
  "_account": "acc_clpa3333g000608l9amihcom7",
  "_user": "user_ckvn0q2fo000r09jx0d49bp30",
  "_connection": "conn_cjgaac5at000001qi2yw8ftil",
  "created_at": "2024-08-03T05:16:09.392Z",
  "updated_at": "2024-08-03T05:16:09.415Z",
  "date": "2024-08-01T12:00:00.000Z",
  "description": "EFTPOS ALL CARDS PAYMARK 104806690 MASSEY SMILES",
  "amount": 2999.1,
  "balance": 83769.31,
  "type": "CREDIT",
  "hash": "acc_clpa3333g000608l9amihcom7-6962149f6f1296082646415bbd8dda1d",
  "meta": {
    "particulars": "PAYMARK",
    "code": "104806690",
    "reference": "ALL CARDS"
  }
}
Invalid Akahu transaction: {
  "_id": "trans_clzdokqel002d08mg41wbfb94",
  "_account": "acc_clxjrgka3000008l7erbga08d",
  "_user": "user_ckvn0q2fo000r09jx0d49bp30",
  "_connection": "conn_cjgaac5at000001qi2yw8ftil",
  "created_at": "2024-08-03T05:16:09.392Z",
  "updated_at": "2024-08-03T05:16:09.415Z",
  "date": "2024-08-01T12:00:00.000Z",
  "description": "PAY Corrin Lakeland",
  "amount": -5.5,
  "balance": 124.04,
  "type": "PAYMENT",
  "hash": "acc_clxjrgka3000008l7erbga08d-a24661dd7bab211c8e0ee1865a67bcd6",
  "meta": {
    "other_account": "03-1399-0487328-00"
  }
}
Invalid Akahu transaction: {
  "_id": "trans_clzc94w6d009f08jw94q37h0t",
  "_account": "acc_clpa3333g000608l9amihcom7",
  "_user": "user_ckvn0q2fo000r09jx0d49bp30",
  "_connection": "conn_cjgaac5at000001qi2yw8ftil",
  "created_at": "2024-08-02T05:16:08.568Z",
  "updated_at": "2024-08-03T05:16:09.416Z",
  "date": "2024-08-01T12:00:00.000Z",
  "description": "TIDAL Malmo",
  "amount": -16.99,
  "balance": 80770.21,
  "type": "DEBIT",
  "hash": "acc_clpa3333g000608l9amihcom7-8846954ee5f80b5bbc723f9ed2abae94",
  "meta": {
    "card_suffix": "8708",
    "logo": "https://static.akahu.io/outlets/merchant_ck3vz1qp8002123oj6k4ebbck_logo.png"
  },
  "merchant": {
    "_id": "merchant_ck3vz1qp8002123oj6k4ebbck",
    "name": "TIDAL"
  },
  "category": {
    "_id": "nzfcc_ckouvvzi5006v08mlg3pndlk0",
    "name": "Entertainment (not elsewhere classified)",
    "groups": {
      "personal_finance": {
        "_id": "group_clasr0ysw0011hk4m6hlk9fq0",
        "name": "Lifestyle"
      }
    }
  }
}
Invalid Akahu transaction: {
  "_id": "trans_clzc94w6d009c08jwcx5shd53",
  "_account": "acc_clpa3333g000608l9amihcom7",
  "_user": "user_ckvn0q2fo000r09jx0d49bp30",
  "_connection": "conn_cjgaac5at000001qi2yw8ftil",
  "created_at": "2024-08-02T05:16:08.568Z",
  "updated_at": "2024-08-08T05:01:22.413Z",
  "date": "2024-08-01T12:00:00.000Z",
  "description": "AP#18718280 FROM S E & S J CLAY",
  "amount": 90,
  "balance": 81502.99,
  "type": "STANDING ORDER",
  "hash": "acc_clpa3333g000608l9amihcom7-2350276b0c63e95c3276b308274b24f5",
  "meta": {
    "particulars": "steven clay"
  }
}
Invalid Akahu transaction: {
  "_id": "trans_clzc94w6d009b08jw6h2xd33p",
  "_account": "acc_clpa3333g000608l9amihcom7",
  "_user": "user_ckvn0q2fo000r09jx0d49bp30",
  "_connection": "conn_cjgaac5at000001qi2yw8ftil",
  "created_at": "2024-08-02T05:16:08.568Z",
  "updated_at": "2024-08-08T05:01:22.413Z",
  "date": "2024-08-01T12:00:00.000Z",
  "description": "Direct Credit Cepe G payment plan MRS C & MR G CEPE",
  "amount": 100,
  "balance": 81412.99,
  "type": "CREDIT",
  "hash": "acc_clpa3333g000608l9amihcom7-6126fdfb730ad7168a7831f2c9325d2a",
  "meta": {
    "particulars": "payment",
    "code": "plan",
    "reference": "Cepe G"
  }
}
Invalid Akahu transaction: {
  "_id": "trans_clzc94w6d009a08jw4t5agp0v",
  "_account": "acc_clpa3333g000608l9amihcom7",
  "_user": "user_ckvn0q2fo000r09jx0d49bp30",
  "_connection": "conn_cjgaac5at000001qi2yw8ftil",
  "created_at": "2024-08-02T05:16:08.568Z",
  "updated_at": "2024-08-08T05:01:22.413Z",
  "date": "2024-08-01T12:00:00.000Z",
  "description": "Automatic Payment Maynard Angela MAYNARD A C",
  "amount": 30,
  "balance": 81312.99,
  "type": "CREDIT",
  "hash": "acc_clpa3333g000608l9amihcom7-40be1cf3e2b14fd4d95edc5828242c14",
  "meta": {
    "particulars": "Maynard",
    "code": "Angela"
  }
}
Mapped 0 transactions for import to Actual Budget
TypeError: Cannot read properties of undefined (reading 'timestamp')
    at _fullSync (/home/lakeland/actual-budget-project/node_modules/@actual-app/api/dist/app/bundle.api.js:42849:98)
    at /home/lakeland/actual-budget-project/node_modules/@actual-app/api/dist/app/bundle.api.js:42761:38
    at /home/lakeland/actual-budget-project/node_modules/@actual-app/api/dist/app/bundle.api.js:43707:38
    at handlers.sync (/home/lakeland/actual-budget-project/node_modules/@actual-app/api/dist/app/bundle.api.js:38945:73)
    at runHandler (/home/lakeland/actual-budget-project/node_modules/@actual-app/api/dist/app/bundle.api.js:39814:33)
    at Object.send (/home/lakeland/actual-budget-project/node_modules/@actual-app/api/dist/app/bundle.api.js:39496:94)
    at Object.shutdown (/home/lakeland/actual-budget-project/node_modules/@actual-app/api/dist/index.js:59:25)
    at importTransactions (/home/lakeland/actual-budget-project/akahu-to-actual.js:118:15)
[Exception] TypeError: Cannot read properties of undefined (reading 'timestamp')
    at _fullSync (/home/lakeland/actual-budget-project/node_modules/@actual-app/api/dist/app/bundle.api.js:42849:98)
    at /home/lakeland/actual-budget-project/node_modules/@actual-app/api/dist/app/bundle.api.js:42761:38
    at /home/lakeland/actual-budget-project/node_modules/@actual-app/api/dist/app/bundle.api.js:43707:38
    at handlers.sync (/home/lakeland/actual-budget-project/node_modules/@actual-app/api/dist/app/bundle.api.js:38945:73)
    at runHandler (/home/lakeland/actual-budget-project/node_modules/@actual-app/api/dist/app/bundle.api.js:39814:33)
    at Object.send (/home/lakeland/actual-budget-project/node_modules/@actual-app/api/dist/app/bundle.api.js:39496:94)
    at Object.shutdown (/home/lakeland/actual-budget-project/node_modules/@actual-app/api/dist/index.js:59:25)
    at importTransactions (/home/lakeland/actual-budget-project/akahu-to-actual.js:118:15)
